TN:
SF:/Users/lianguizizhou/Desktop/ontoclick/src/components/SearchBox/SearchBox.vue
FN:17,_interopRequireDefault
FN:19,copyElementContent
FN:35,data
FN:67,copyContent
FN:73,replaceWithContent
FN:79,copyModel
FNF:6
FNH:2
FNDA:2,_interopRequireDefault
FNDA:0,copyElementContent
FNDA:1,data
FNDA:0,copyContent
FNDA:0,replaceWithContent
FNDA:0,copyModel
DA:0,2
DA:31,1
DA:32,1
DA:36,1
DA:38,1
DA:39,0
DA:40,0
DA:41,0
DA:42,0
DA:43,0
DA:44,0
DA:45,0
DA:46,0
DA:55,1
DA:56,1
DA:57,1
DA:58,1
DA:59,1
DA:86,0
DA:87,0
DA:92,0
DA:93,0
LF:22
LH:10
BRDA:17,1,0,2
BRDA:17,1,1,0
BRDA:17,2,0,2
BRDA:17,2,1,2
BRDA:38,3,0,0
BRDA:38,3,1,1
BRDA:39,4,0,0
BRDA:39,4,1,1
BRDA:59,5,0,0
BRDA:59,5,1,1
BRF:10
BRH:7
end_of_record
TN:
SF:/Users/lianguizizhou/Desktop/ontoclick/src/components/SearchBox/OntologyData/tree.js
FN:14,_interopRequireDefault
FN:18,(anonymous_2)
FN:19,(anonymous_3)
FNF:3
FNH:3
FNDA:1,_interopRequireDefault
FNDA:1,(anonymous_2)
FNDA:3,(anonymous_3)
DA:0,1
DA:1,1
DA:5,1
DA:7,1
DA:9,1
DA:10,1
DA:11,3
DA:12,3
DA:13,3
DA:18,3
DA:19,3
DA:24,1
DA:25,1
LF:13
LH:13
BRDA:14,1,0,1
BRDA:14,1,1,0
BRDA:14,2,0,1
BRDA:14,2,1,1
BRDA:20,3,0,3
BRDA:20,3,1,0
BRDA:21,4,0,3
BRDA:21,4,1,3
BRF:8
BRH:7
end_of_record
TN:
SF:/Users/lianguizizhou/Desktop/ontoclick/src/components/SearchBox/OntologyData/categories.js
FN:6,categoriesToTree
FN:9,(anonymous_2)
FN:27,(anonymous_3)
FNF:3
FNH:3
FNDA:1,categoriesToTree
FNDA:41,(anonymous_2)
FNDA:41,(anonymous_3)
DA:0,1
DA:1,1
DA:2,1
DA:3,1
DA:4,1
DA:5,41
DA:7,41
DA:8,41
DA:9,41
DA:10,41
DA:11,11
DA:12,11
DA:13,11
DA:16,41
DA:17,41
DA:18,30
DA:20,41
DA:22,1
DA:23,41
DA:24,11
DA:25,11
DA:28,1
DA:34,1
DA:684,1
DA:686,1
DA:687,1
LF:26
LH:26
BRDA:15,1,0,11
BRDA:15,1,1,30
BRDA:17,2,0,11
BRDA:17,2,1,0
BRDA:22,3,0,30
BRDA:22,3,1,11
BRDA:28,4,0,11
BRDA:28,4,1,30
BRDA:29,5,0,11
BRDA:29,5,1,6
BRF:10
BRH:9
end_of_record
TN:
SF:/Users/lianguizizhou/Desktop/ontoclick/src/components/SearchBox/OntologyData/ontologies.js
FNF:0
FNH:0
DA:0,1
LF:1
LH:1
BRF:0
BRH:0
end_of_record
